<?xml version="1.0" encoding="UTF-8"?>
<!-- Generated by org.testng.reporters.JUnitReportReporter -->
<testsuite name="testcases.TC_003" tests="1" time="9.091" ignored="0" failures="0" timestamp="03 Jul 2017 07:17:38 GMT" skipped="0" hostname="NITIN-PC" errors="0">
  <testcase name="testcase1" time="9.091" classname="testcases.TC_003"/>
</testsuite> <!-- testcases.TC_003 -->
