<?xml version="1.0" encoding="UTF-8"?>
<!-- Generated by org.testng.reporters.JUnitReportReporter -->
<testsuite name="testcases.TC_002" tests="1" time="10.852" ignored="0" failures="0" timestamp="03 Jul 2017 07:17:38 GMT" skipped="0" hostname="NITIN-PC" errors="0">
  <testcase name="testcase2" time="10.852" classname="testcases.TC_002"/>
</testsuite> <!-- testcases.TC_002 -->
