<?xml version="1.0" encoding="UTF-8"?>
<!-- Generated by org.testng.reporters.JUnitReportReporter -->
<testsuite name="testcases.TC_001" tests="1" time="31.801" ignored="0" failures="0" timestamp="03 Jul 2017 07:16:19 GMT" skipped="0" hostname="NITIN-PC" errors="0">
  <testcase name="testcase1" time="31.801" classname="testcases.TC_001"/>
</testsuite> <!-- testcases.TC_001 -->
